0 verbose cli C:\nvm4w\nodejs\node.exe C:\nvm4w\nodejs\node_modules\npm\bin\npm-cli.js
1 info using npm@10.9.3
2 info using node@v22.18.0
3 silly config load:file:C:\Users\bolar\AppData\Local\nvm\v22.18.0\node_modules\npm\npmrc
4 silly config load:file:C:\Users\bolar\Desktop\YbeeApp\.npmrc
5 silly config load:file:C:\Users\bolar\.npmrc
6 silly config load:file:C:\nvm4w\nodejs\etc\npmrc
7 verbose title npm i install bcrypt
8 verbose argv "i" "install" "bcrypt"
9 verbose logfile logs-max:10 dir:C:\Users\bolar\Desktop\YbeeApp\clean\_logs\2025-08-30T23_28_58_085Z-
10 verbose logfile C:\Users\bolar\Desktop\YbeeApp\clean\_logs\2025-08-30T23_28_58_085Z-debug-0.log
11 silly logfile start cleaning logs, removing 1 files
12 silly packumentCache heap:2197815296 maxSize:549453824 maxEntrySize:274726912
13 silly logfile done cleaning log files
14 silly idealTree buildDeps
15 silly fetch manifest install@*
16 silly packumentCache full:https://registry.npmjs.org/install cache-miss
17 http fetch GET 200 https://registry.npmjs.org/install 518ms (cache miss)
18 silly packumentCache full:https://registry.npmjs.org/install set size:undefined disposed:false
19 silly fetch manifest bcrypt@*
20 silly packumentCache full:https://registry.npmjs.org/bcrypt cache-miss
21 http fetch GET 200 https://registry.npmjs.org/bcrypt 115ms (cache miss)
22 silly packumentCache full:https://registry.npmjs.org/bcrypt set size:undefined disposed:false
23 silly placeDep ROOT bcrypt@6.0.0 OK for: ybeeapp@1.0.0 want: *
24 silly placeDep ROOT install@0.13.0 OK for: ybeeapp@1.0.0 want: *
25 silly fetch manifest node-addon-api@^8.3.0
26 silly packumentCache full:https://registry.npmjs.org/node-addon-api cache-miss
27 silly fetch manifest node-gyp-build@^4.8.4
28 silly packumentCache full:https://registry.npmjs.org/node-gyp-build cache-miss
29 http fetch GET 200 https://registry.npmjs.org/node-addon-api 101ms (cache miss)
30 silly packumentCache full:https://registry.npmjs.org/node-addon-api set size:undefined disposed:false
31 http fetch GET 200 https://registry.npmjs.org/node-gyp-build 198ms (cache miss)
32 silly packumentCache full:https://registry.npmjs.org/node-gyp-build set size:undefined disposed:false
33 silly placeDep ROOT node-addon-api@8.5.0 OK for: bcrypt@6.0.0 want: ^8.3.0
34 silly placeDep ROOT node-gyp-build@4.8.4 OK for: bcrypt@6.0.0 want: ^4.8.4
35 silly reify moves {}
36 silly audit bulk request {
36 silly audit   '@kurkle/color': [ '0.3.4' ],
36 silly audit   accepts: [ '2.0.0' ],
36 silly audit   anymatch: [ '3.1.3' ],
36 silly audit   async: [ '3.2.6' ],
36 silly audit   'balanced-match': [ '1.0.2' ],
36 silly audit   'binary-extensions': [ '2.3.0' ],
36 silly audit   'body-parser': [ '2.2.0' ],
36 silly audit   'brace-expansion': [ '2.0.2', '1.1.12' ],
36 silly audit   braces: [ '3.0.3' ],
36 silly audit   bytes: [ '3.1.2' ],
36 silly audit   'call-bind-apply-helpers': [ '1.0.2' ],
36 silly audit   'call-bound': [ '1.0.4' ],
36 silly audit   'chart.js': [ '4.5.0' ],
36 silly audit   chokidar: [ '3.6.0' ],
36 silly audit   'concat-map': [ '0.0.1' ],
36 silly audit   'content-disposition': [ '1.0.0' ],
36 silly audit   'content-type': [ '1.0.5' ],
36 silly audit   cookie: [ '0.7.2' ],
36 silly audit   'cookie-signature': [ '1.2.2', '1.0.7' ],
36 silly audit   debug: [ '4.4.1', '2.6.9' ],
36 silly audit   depd: [ '2.0.0' ],
36 silly audit   dotenv: [ '17.2.1' ],
36 silly audit   'dunder-proto': [ '1.0.1' ],
36 silly audit   'ee-first': [ '1.1.1' ],
36 silly audit   ejs: [ '3.1.10' ],
36 silly audit   encodeurl: [ '2.0.0' ],
36 silly audit   'es-define-property': [ '1.0.1' ],
36 silly audit   'es-errors': [ '1.3.0' ],
36 silly audit   'es-object-atoms': [ '1.1.1' ],
36 silly audit   'escape-html': [ '1.0.3' ],
36 silly audit   etag: [ '1.8.1' ],
36 silly audit   express: [ '5.1.0' ],
36 silly audit   'express-session': [ '1.18.2' ],
36 silly audit   ms: [ '2.0.0', '2.1.3' ],
36 silly audit   filelist: [ '1.0.4' ],
36 silly audit   'fill-range': [ '7.1.1' ],
36 silly audit   finalhandler: [ '2.1.0' ],
36 silly audit   forwarded: [ '0.2.0' ],
36 silly audit   fresh: [ '2.0.0' ],
36 silly audit   fsevents: [ '2.3.3' ],
36 silly audit   'function-bind': [ '1.1.2' ],
36 silly audit   'get-intrinsic': [ '1.3.0' ],
36 silly audit   'get-proto': [ '1.0.1' ],
36 silly audit   'glob-parent': [ '5.1.2' ],
36 silly audit   gopd: [ '1.2.0' ],
36 silly audit   'has-flag': [ '3.0.0' ],
36 silly audit   'has-symbols': [ '1.1.0' ],
36 silly audit   hasown: [ '2.0.2' ],
36 silly audit   'http-errors': [ '2.0.0' ],
36 silly audit   statuses: [ '2.0.1', '2.0.2' ],
36 silly audit   'iconv-lite': [ '0.6.3' ],
36 silly audit   'ignore-by-default': [ '1.0.1' ],
36 silly audit   inherits: [ '2.0.4' ],
36 silly audit   'ipaddr.js': [ '1.9.1' ],
36 silly audit   'is-binary-path': [ '2.1.0' ],
36 silly audit   'is-extglob': [ '2.1.1' ],
36 silly audit   'is-glob': [ '4.0.3' ],
36 silly audit   'is-number': [ '7.0.0' ],
36 silly audit   'is-promise': [ '4.0.0' ],
36 silly audit   jake: [ '10.9.4' ],
36 silly audit   'math-intrinsics': [ '1.1.0' ],
36 silly audit   'media-typer': [ '1.1.0' ],
36 silly audit   'merge-descriptors': [ '2.0.0' ],
36 silly audit   'mime-db': [ '1.54.0' ],
36 silly audit   'mime-types': [ '3.0.1' ],
36 silly audit   minimatch: [ '5.1.6', '3.1.2' ],
36 silly audit   negotiator: [ '1.0.0' ],
36 silly audit   nodemon: [ '3.1.10' ],
36 silly audit   'normalize-path': [ '3.0.0' ],
36 silly audit   'object-inspect': [ '1.13.4' ],
36 silly audit   'on-finished': [ '2.4.1' ],
36 silly audit   'on-headers': [ '1.1.0' ],
36 silly audit   once: [ '1.4.0' ],
36 silly audit   parseurl: [ '1.3.3' ],
36 silly audit   'path-to-regexp': [ '8.2.0' ],
36 silly audit   picocolors: [ '1.1.1' ],
36 silly audit   picomatch: [ '2.3.1' ],
36 silly audit   'proxy-addr': [ '2.0.7' ],
36 silly audit   'pstree.remy': [ '1.1.8' ],
36 silly audit   qs: [ '6.14.0' ],
36 silly audit   'random-bytes': [ '1.0.0' ],
36 silly audit   'range-parser': [ '1.2.1' ],
36 silly audit   'raw-body': [ '3.0.0' ],
36 silly audit   readdirp: [ '3.6.0' ],
36 silly audit   router: [ '2.2.0' ],
36 silly audit   'safe-buffer': [ '5.2.1' ],
36 silly audit   'safer-buffer': [ '2.1.2' ],
36 silly audit   semver: [ '7.7.2' ],
36 silly audit   send: [ '1.2.0' ],
36 silly audit   'serve-static': [ '2.2.0' ],
36 silly audit   setprototypeof: [ '1.2.0' ],
36 silly audit   'side-channel': [ '1.1.0' ],
36 silly audit   'side-channel-list': [ '1.0.0' ],
36 silly audit   'side-channel-map': [ '1.0.1' ],
36 silly audit   'side-channel-weakmap': [ '1.0.2' ],
36 silly audit   'simple-update-notifier': [ '2.0.0' ],
36 silly audit   'supports-color': [ '5.5.0' ],
36 silly audit   'to-regex-range': [ '5.0.1' ],
36 silly audit   toidentifier: [ '1.0.1' ],
36 silly audit   touch: [ '3.1.1' ],
36 silly audit   'type-is': [ '2.0.1' ],
36 silly audit   'uid-safe': [ '2.1.5' ],
36 silly audit   undefsafe: [ '2.0.5' ],
36 silly audit   unpipe: [ '1.0.0' ],
36 silly audit   vary: [ '1.1.2' ],
36 silly audit   wrappy: [ '1.0.2' ],
36 silly audit   bcrypt: [ '6.0.0' ],
36 silly audit   install: [ '0.13.0' ],
36 silly audit   'node-addon-api': [ '8.5.0' ],
36 silly audit   'node-gyp-build': [ '4.8.4' ]
36 silly audit }
37 verbose reify failed optional dependency C:\Users\bolar\Desktop\YbeeApp\node_modules\fsevents
38 silly reify mark deleted [ 'C:\\Users\\bolar\\Desktop\\YbeeApp\\node_modules\\fsevents' ]
39 http cache node-gyp-build@https://registry.npmjs.org/node-gyp-build/-/node-gyp-build-4.8.4.tgz 0ms (cache hit)
40 http cache node-addon-api@https://registry.npmjs.org/node-addon-api/-/node-addon-api-8.5.0.tgz 0ms (cache hit)
41 silly tarball no local data for node-gyp-build@https://registry.npmjs.org/node-gyp-build/-/node-gyp-build-4.8.4.tgz. Extracting by manifest.
42 silly tarball no local data for node-addon-api@https://registry.npmjs.org/node-addon-api/-/node-addon-api-8.5.0.tgz. Extracting by manifest.
43 http cache install@https://registry.npmjs.org/install/-/install-0.13.0.tgz 0ms (cache hit)
44 http cache bcrypt@https://registry.npmjs.org/bcrypt/-/bcrypt-6.0.0.tgz 0ms (cache hit)
45 silly tarball no local data for install@https://registry.npmjs.org/install/-/install-0.13.0.tgz. Extracting by manifest.
46 silly tarball no local data for bcrypt@https://registry.npmjs.org/bcrypt/-/bcrypt-6.0.0.tgz. Extracting by manifest.
47 http fetch GET 200 https://registry.npmjs.org/node-gyp-build/-/node-gyp-build-4.8.4.tgz 338ms (cache miss)
48 http fetch GET 200 https://registry.npmjs.org/install/-/install-0.13.0.tgz 441ms (cache miss)
49 http fetch GET 200 https://registry.npmjs.org/node-addon-api/-/node-addon-api-8.5.0.tgz 628ms (cache miss)
50 http fetch POST 200 https://registry.npmjs.org/-/npm/v1/security/advisories/bulk 752ms
51 silly audit report {}
52 http fetch GET 200 https://registry.npmjs.org/bcrypt/-/bcrypt-6.0.0.tgz 1069ms (cache miss)
53 info run bcrypt@6.0.0 install node_modules/bcrypt node-gyp-build
54 info run bcrypt@6.0.0 install { code: 0, signal: null }
55 silly ADD node_modules/node-gyp-build
56 silly ADD node_modules/node-addon-api
57 silly ADD node_modules/install
58 silly ADD node_modules/bcrypt
59 silly ADD
60 verbose cwd C:\Users\bolar\Desktop\YbeeApp
61 verbose os Windows_NT 10.0.26100
62 verbose node v22.18.0
63 verbose npm  v10.9.3
64 verbose exit 0
65 info ok
