0 verbose cli C:\nvm4w\nodejs\node.exe C:\nvm4w\nodejs\node_modules\npm\bin\npm-cli.js
1 info using npm@10.9.3
2 info using node@v22.18.0
3 silly config load:file:C:\Users\bolar\AppData\Local\nvm\v22.18.0\node_modules\npm\npmrc
4 silly config load:file:C:\Users\bolar\Desktop\YbeeApp\.npmrc
5 silly config load:file:C:\Users\bolar\.npmrc
6 silly config load:file:C:\nvm4w\nodejs\etc\npmrc
7 verbose title npm i passport pastport-local express-session express-flash
8 verbose argv "i" "passport" "pastport-local" "express-session" "express-flash"
9 verbose logfile logs-max:10 dir:C:\Users\bolar\Desktop\YbeeApp\clean\_logs\2025-08-31T00_15_18_426Z-
10 verbose logfile C:\Users\bolar\Desktop\YbeeApp\clean\_logs\2025-08-31T00_15_18_426Z-debug-0.log
11 silly logfile start cleaning logs, removing 1 files
12 silly packumentCache heap:2197815296 maxSize:549453824 maxEntrySize:274726912
13 silly logfile done cleaning log files
14 silly idealTree buildDeps
15 silly fetch manifest express-session@^1.18.2
16 silly packumentCache full:https://registry.npmjs.org/express-session cache-miss
17 http fetch GET 200 https://registry.npmjs.org/express-session 294ms (cache revalidated)
18 silly packumentCache full:https://registry.npmjs.org/express-session set size:194964 disposed:false
19 silly fetch manifest passport@*
20 silly packumentCache full:https://registry.npmjs.org/passport cache-miss
21 http fetch GET 200 https://registry.npmjs.org/passport 81ms (cache miss)
22 silly packumentCache full:https://registry.npmjs.org/passport set size:undefined disposed:false
23 silly fetch manifest pastport-local@*
24 silly packumentCache full:https://registry.npmjs.org/pastport-local cache-miss
25 http fetch GET 404 https://registry.npmjs.org/pastport-local 577ms (cache skip)
26 silly fetch manifest express-flash@*
27 silly packumentCache full:https://registry.npmjs.org/express-flash cache-miss
28 http fetch GET 200 https://registry.npmjs.org/express-flash 663ms (cache miss)
29 silly packumentCache full:https://registry.npmjs.org/express-flash set size:undefined disposed:false
30 silly placeDep ROOT express-flash@0.0.2 OK for: ybeeapp@1.0.0 want: *
31 silly placeDep ROOT express-session@1.18.2 REPLACE for: ybeeapp@1.0.0 want: ^1.18.2
32 silly placeDep ROOT passport@0.7.0 OK for: ybeeapp@1.0.0 want: *
33 silly placeDep ROOT pastport-local@ OK for: ybeeapp@1.0.0 want: *
34 silly fetch manifest connect-flash@0.1.x
35 silly packumentCache full:https://registry.npmjs.org/connect-flash cache-miss
36 silly fetch manifest pause@0.0.1
37 silly packumentCache full:https://registry.npmjs.org/pause cache-miss
38 silly fetch manifest utils-merge@^1.0.1
39 silly packumentCache full:https://registry.npmjs.org/utils-merge cache-miss
40 silly fetch manifest passport-strategy@1.x.x
41 silly packumentCache full:https://registry.npmjs.org/passport-strategy cache-miss
42 http fetch GET 200 https://registry.npmjs.org/connect-flash 102ms (cache miss)
43 silly packumentCache full:https://registry.npmjs.org/connect-flash set size:undefined disposed:false
44 http fetch GET 200 https://registry.npmjs.org/utils-merge 148ms (cache miss)
45 silly packumentCache full:https://registry.npmjs.org/utils-merge set size:undefined disposed:false
46 http fetch GET 200 https://registry.npmjs.org/pause 169ms (cache miss)
47 silly packumentCache full:https://registry.npmjs.org/pause set size:undefined disposed:false
48 http fetch GET 200 https://registry.npmjs.org/passport-strategy 171ms (cache miss)
49 silly packumentCache full:https://registry.npmjs.org/passport-strategy set size:undefined disposed:false
50 silly placeDep ROOT connect-flash@0.1.1 OK for: express-flash@0.0.2 want: 0.1.x
51 silly placeDep ROOT passport-strategy@1.0.0 OK for: passport@0.7.0 want: 1.x.x
52 silly placeDep ROOT pause@0.0.1 OK for: passport@0.7.0 want: 0.0.1
53 silly placeDep ROOT utils-merge@1.0.1 OK for: passport@0.7.0 want: ^1.0.1
54 verbose stack HttpErrorGeneral: 404 Not Found - GET https://registry.npmjs.org/pastport-local - Not found
54 verbose stack     at C:\Users\bolar\AppData\Local\nvm\v22.18.0\node_modules\npm\node_modules\npm-registry-fetch\lib\check-response.js:103:15
54 verbose stack     at process.processTicksAndRejections (node:internal/process/task_queues:105:5)
54 verbose stack     at async RegistryFetcher.packument (C:\Users\bolar\AppData\Local\nvm\v22.18.0\node_modules\npm\node_modules\pacote\lib\registry.js:90:19)
54 verbose stack     at async RegistryFetcher.manifest (C:\Users\bolar\AppData\Local\nvm\v22.18.0\node_modules\npm\node_modules\pacote\lib\registry.js:128:23)
54 verbose stack     at async #fetchManifest (C:\Users\bolar\AppData\Local\nvm\v22.18.0\node_modules\npm\node_modules\@npmcli\arborist\lib\arborist\build-ideal-tree.js:1202:20)
54 verbose stack     at async #nodeFromEdge (C:\Users\bolar\AppData\Local\nvm\v22.18.0\node_modules\npm\node_modules\@npmcli\arborist\lib\arborist\build-ideal-tree.js:1040:19)
54 verbose stack     at async #buildDepStep (C:\Users\bolar\AppData\Local\nvm\v22.18.0\node_modules\npm\node_modules\@npmcli\arborist\lib\arborist\build-ideal-tree.js:904:11)
54 verbose stack     at async Arborist.buildIdealTree (C:\Users\bolar\AppData\Local\nvm\v22.18.0\node_modules\npm\node_modules\@npmcli\arborist\lib\arborist\build-ideal-tree.js:181:7)
54 verbose stack     at async Promise.all (index 1)
54 verbose stack     at async Arborist.reify (C:\Users\bolar\AppData\Local\nvm\v22.18.0\node_modules\npm\node_modules\@npmcli\arborist\lib\arborist\reify.js:131:5)
55 verbose statusCode 404
56 verbose pkgid pastport-local@*
57 error code E404
58 error 404 Not Found - GET https://registry.npmjs.org/pastport-local - Not found
59 error 404
60 error 404  'pastport-local@*' is not in this registry.
61 error 404
62 error 404 Note that you can also install from a
63 error 404 tarball, folder, http url, or git url.
64 silly unfinished npm timer reify 1756599319834
65 silly unfinished npm timer reify:loadTrees 1756599319835
66 verbose cwd C:\Users\bolar\Desktop\YbeeApp
67 verbose os Windows_NT 10.0.26100
68 verbose node v22.18.0
69 verbose npm  v10.9.3
70 verbose exit 1
71 verbose code 1
72 error A complete log of this run can be found in: C:\Users\bolar\Desktop\YbeeApp\clean\_logs\2025-08-31T00_15_18_426Z-debug-0.log
